2022-09-09 09:36:20.903  INFO 20236 --- [main] c.s.backend.StakloRamBeApplication       : Starting StakloRamBeApplication using Java 16.0.2 on DESKTOP-3DDETGI with PID 20236 (D:\StakloRam\stakloRam2022\backend\target\classes started by Scepan in D:\StakloRam\stakloRam2022\backend)
2022-09-09 09:36:20.913 DEBUG 20236 --- [main] c.s.backend.StakloRamBeApplication       : Running with Spring Boot v2.6.7, Spring v5.3.19
2022-09-09 09:36:20.914  INFO 20236 --- [main] c.s.backend.StakloRamBeApplication       : No active profile set, falling back to 1 default profile: "default"
2022-09-09 09:36:22.139  INFO 20236 --- [main] o.s.b.w.embedded.tomcat.TomcatWebServer  : Tomcat initialized with port(s): 8081 (http)
2022-09-09 09:36:22.152  INFO 20236 --- [main] o.apache.catalina.core.StandardService   : Starting service [Tomcat]
2022-09-09 09:36:22.153  INFO 20236 --- [main] org.apache.catalina.core.StandardEngine  : Starting Servlet engine: [Apache Tomcat/9.0.62]
2022-09-09 09:36:22.270  INFO 20236 --- [main] o.a.c.c.C.[Tomcat].[localhost].[/]       : Initializing Spring embedded WebApplicationContext
2022-09-09 09:36:22.271  INFO 20236 --- [main] w.s.c.ServletWebServerApplicationContext : Root WebApplicationContext: initialization completed in 1290 ms
2022-09-09 09:36:22.511 DEBUG 20236 --- [main] c.s.backend.auth.JwtRequestFilter        : Filter 'jwtRequestFilter' configured for use
2022-09-09 09:36:22.857  INFO 20236 --- [main] o.s.b.a.w.s.WelcomePageHandlerMapping    : Adding welcome page: class path resource [public/index.html]
2022-09-09 09:36:22.933  INFO 20236 --- [main] o.s.s.web.DefaultSecurityFilterChain     : Will secure any request with [org.springframework.security.web.context.request.async.WebAsyncManagerIntegrationFilter@1984212d, org.springframework.security.web.context.SecurityContextPersistenceFilter@257ef9ed, org.springframework.security.web.header.HeaderWriterFilter@2a53f215, org.springframework.web.filter.CorsFilter@39f5b723, org.springframework.security.web.authentication.logout.LogoutFilter@1ee47d9e, com.stakloram.backend.auth.JwtRequestFilter@277b8fa4, org.springframework.security.web.savedrequest.RequestCacheAwareFilter@46f902e0, org.springframework.security.web.servletapi.SecurityContextHolderAwareRequestFilter@7165d530, org.springframework.security.web.authentication.AnonymousAuthenticationFilter@4eaa375c, org.springframework.security.web.session.SessionManagementFilter@17410c07, org.springframework.security.web.access.ExceptionTranslationFilter@cb39552, org.springframework.security.web.access.intercept.FilterSecurityInterceptor@1a256d80]
2022-09-09 09:36:23.091  INFO 20236 --- [main] o.s.b.w.embedded.tomcat.TomcatWebServer  : Tomcat started on port(s): 8081 (http) with context path ''
2022-09-09 09:36:23.100  INFO 20236 --- [main] c.s.backend.StakloRamBeApplication       : Started StakloRamBeApplication in 2.673 seconds (JVM running for 3.1)
2022-09-09 09:36:30.413  INFO 20236 --- [http-nio-8081-exec-1] o.a.c.c.C.[Tomcat].[localhost].[/]       : Initializing Spring DispatcherServlet 'dispatcherServlet'
2022-09-09 09:36:30.414  INFO 20236 --- [http-nio-8081-exec-1] o.s.web.servlet.DispatcherServlet        : Initializing Servlet 'dispatcherServlet'
2022-09-09 09:36:30.415  INFO 20236 --- [http-nio-8081-exec-1] o.s.web.servlet.DispatcherServlet        : Completed initialization in 1 ms
2022-09-09 09:36:41.353 ERROR 20236 --- [http-nio-8081-exec-6] c.s.b.services.impl.builder.BaseBuilder  : java.sql.SQLSyntaxErrorException: You have an error in your SQL syntax; check the manual that corresponds to your MySQL server version for the right syntax to use near 'WHERE  (buyer_name LIKE '%d%') limit 0, 50' at line 1
2022-09-09 09:36:41.371 ERROR 20236 --- [http-nio-8081-exec-8] c.s.b.services.impl.builder.BaseBuilder  : java.sql.SQLSyntaxErrorException: You have an error in your SQL syntax; check the manual that corresponds to your MySQL server version for the right syntax to use near 'WHERE  (buyer_name LIKE '%ds%') limit 0, 50' at line 1
2022-09-09 09:36:41.432 ERROR 20236 --- [http-nio-8081-exec-7] c.s.b.services.impl.builder.BaseBuilder  : java.sql.SQLSyntaxErrorException: You have an error in your SQL syntax; check the manual that corresponds to your MySQL server version for the right syntax to use near 'WHERE  (buyer_name LIKE '%dsf%') limit 0, 50' at line 1
2022-09-09 09:36:41.501 ERROR 20236 --- [http-nio-8081-exec-9] c.s.b.services.impl.builder.BaseBuilder  : java.sql.SQLSyntaxErrorException: You have an error in your SQL syntax; check the manual that corresponds to your MySQL server version for the right syntax to use near 'WHERE  (buyer_name LIKE '%dsf%') limit 0, 50' at line 1
2022-09-09 09:37:23.497  INFO 12228 --- [main] c.s.backend.StakloRamBeApplication       : Starting StakloRamBeApplication using Java 16.0.2 on DESKTOP-3DDETGI with PID 12228 (D:\StakloRam\stakloRam2022\backend\target\classes started by Scepan in D:\StakloRam\stakloRam2022\backend)
2022-09-09 09:37:23.500 DEBUG 12228 --- [main] c.s.backend.StakloRamBeApplication       : Running with Spring Boot v2.6.7, Spring v5.3.19
2022-09-09 09:37:23.501  INFO 12228 --- [main] c.s.backend.StakloRamBeApplication       : No active profile set, falling back to 1 default profile: "default"
2022-09-09 09:37:25.071  INFO 12228 --- [main] o.s.b.w.embedded.tomcat.TomcatWebServer  : Tomcat initialized with port(s): 8081 (http)
2022-09-09 09:37:25.086  INFO 12228 --- [main] o.apache.catalina.core.StandardService   : Starting service [Tomcat]
2022-09-09 09:37:25.086  INFO 12228 --- [main] org.apache.catalina.core.StandardEngine  : Starting Servlet engine: [Apache Tomcat/9.0.62]
2022-09-09 09:37:25.227  INFO 12228 --- [main] o.a.c.c.C.[Tomcat].[localhost].[/]       : Initializing Spring embedded WebApplicationContext
2022-09-09 09:37:25.227  INFO 12228 --- [main] w.s.c.ServletWebServerApplicationContext : Root WebApplicationContext: initialization completed in 1671 ms
2022-09-09 09:37:25.473 DEBUG 12228 --- [main] c.s.backend.auth.JwtRequestFilter        : Filter 'jwtRequestFilter' configured for use
2022-09-09 09:37:25.851  INFO 12228 --- [main] o.s.b.a.w.s.WelcomePageHandlerMapping    : Adding welcome page: class path resource [public/index.html]
2022-09-09 09:37:25.954  INFO 12228 --- [main] o.s.s.web.DefaultSecurityFilterChain     : Will secure any request with [org.springframework.security.web.context.request.async.WebAsyncManagerIntegrationFilter@4cad79bc, org.springframework.security.web.context.SecurityContextPersistenceFilter@6bccd036, org.springframework.security.web.header.HeaderWriterFilter@18137eab, org.springframework.web.filter.CorsFilter@2c63762b, org.springframework.security.web.authentication.logout.LogoutFilter@21da4b5f, com.stakloram.backend.auth.JwtRequestFilter@117525fe, org.springframework.security.web.savedrequest.RequestCacheAwareFilter@6a756082, org.springframework.security.web.servletapi.SecurityContextHolderAwareRequestFilter@7beae796, org.springframework.security.web.authentication.AnonymousAuthenticationFilter@7a9eccc4, org.springframework.security.web.session.SessionManagementFilter@1db7157f, org.springframework.security.web.access.ExceptionTranslationFilter@eb6ec6, org.springframework.security.web.access.intercept.FilterSecurityInterceptor@2ceee4b6]
2022-09-09 09:37:26.147  INFO 12228 --- [main] o.s.b.w.embedded.tomcat.TomcatWebServer  : Tomcat started on port(s): 8081 (http) with context path ''
2022-09-09 09:37:26.158  INFO 12228 --- [main] c.s.backend.StakloRamBeApplication       : Started StakloRamBeApplication in 3.179 seconds (JVM running for 3.558)
2022-09-09 09:37:31.769  INFO 12228 --- [http-nio-8081-exec-1] o.a.c.c.C.[Tomcat].[localhost].[/]       : Initializing Spring DispatcherServlet 'dispatcherServlet'
2022-09-09 09:37:31.770  INFO 12228 --- [http-nio-8081-exec-1] o.s.web.servlet.DispatcherServlet        : Initializing Servlet 'dispatcherServlet'
2022-09-09 09:37:31.770  INFO 12228 --- [http-nio-8081-exec-1] o.s.web.servlet.DispatcherServlet        : Completed initialization in 0 ms
2022-09-09 09:37:31.986 ERROR 12228 --- [http-nio-8081-exec-1] c.s.b.services.impl.builder.BaseBuilder  : java.sql.SQLSyntaxErrorException: You have an error in your SQL syntax; check the manual that corresponds to your MySQL server version for the right syntax to use near 'WHERE  (buyer_name LIKE '%dsfd%') limit 0, 50' at line 1
2022-09-09 09:38:58.051  INFO 27736 --- [main] c.s.backend.StakloRamBeApplication       : Starting StakloRamBeApplication using Java 16.0.2 on DESKTOP-3DDETGI with PID 27736 (D:\StakloRam\stakloRam2022\backend\target\classes started by Scepan in D:\StakloRam\stakloRam2022\backend)
2022-09-09 09:38:58.054 DEBUG 27736 --- [main] c.s.backend.StakloRamBeApplication       : Running with Spring Boot v2.6.7, Spring v5.3.19
2022-09-09 09:38:58.055  INFO 27736 --- [main] c.s.backend.StakloRamBeApplication       : No active profile set, falling back to 1 default profile: "default"
2022-09-09 09:38:59.602  INFO 27736 --- [main] o.s.b.w.embedded.tomcat.TomcatWebServer  : Tomcat initialized with port(s): 8081 (http)
2022-09-09 09:38:59.619  INFO 27736 --- [main] o.apache.catalina.core.StandardService   : Starting service [Tomcat]
2022-09-09 09:38:59.619  INFO 27736 --- [main] org.apache.catalina.core.StandardEngine  : Starting Servlet engine: [Apache Tomcat/9.0.62]
2022-09-09 09:38:59.748  INFO 27736 --- [main] o.a.c.c.C.[Tomcat].[localhost].[/]       : Initializing Spring embedded WebApplicationContext
2022-09-09 09:38:59.749  INFO 27736 --- [main] w.s.c.ServletWebServerApplicationContext : Root WebApplicationContext: initialization completed in 1638 ms
2022-09-09 09:39:00.005 DEBUG 27736 --- [main] c.s.backend.auth.JwtRequestFilter        : Filter 'jwtRequestFilter' configured for use
2022-09-09 09:39:00.416  INFO 27736 --- [main] o.s.b.a.w.s.WelcomePageHandlerMapping    : Adding welcome page: class path resource [public/index.html]
2022-09-09 09:39:00.512  INFO 27736 --- [main] o.s.s.web.DefaultSecurityFilterChain     : Will secure any request with [org.springframework.security.web.context.request.async.WebAsyncManagerIntegrationFilter@4cad79bc, org.springframework.security.web.context.SecurityContextPersistenceFilter@6bccd036, org.springframework.security.web.header.HeaderWriterFilter@18137eab, org.springframework.web.filter.CorsFilter@2c63762b, org.springframework.security.web.authentication.logout.LogoutFilter@21da4b5f, com.stakloram.backend.auth.JwtRequestFilter@3804a9a8, org.springframework.security.web.savedrequest.RequestCacheAwareFilter@6a756082, org.springframework.security.web.servletapi.SecurityContextHolderAwareRequestFilter@7beae796, org.springframework.security.web.authentication.AnonymousAuthenticationFilter@7a9eccc4, org.springframework.security.web.session.SessionManagementFilter@1db7157f, org.springframework.security.web.access.ExceptionTranslationFilter@eb6ec6, org.springframework.security.web.access.intercept.FilterSecurityInterceptor@2ceee4b6]
2022-09-09 09:39:00.709  INFO 27736 --- [main] o.s.b.w.embedded.tomcat.TomcatWebServer  : Tomcat started on port(s): 8081 (http) with context path ''
2022-09-09 09:39:00.719  INFO 27736 --- [main] c.s.backend.StakloRamBeApplication       : Started StakloRamBeApplication in 3.174 seconds (JVM running for 3.601)
2022-09-09 09:39:01.565  INFO 27736 --- [http-nio-8081-exec-1] o.a.c.c.C.[Tomcat].[localhost].[/]       : Initializing Spring DispatcherServlet 'dispatcherServlet'
2022-09-09 09:39:01.565  INFO 27736 --- [http-nio-8081-exec-1] o.s.web.servlet.DispatcherServlet        : Initializing Servlet 'dispatcherServlet'
2022-09-09 09:39:01.566  INFO 27736 --- [http-nio-8081-exec-1] o.s.web.servlet.DispatcherServlet        : Completed initialization in 1 ms
2022-09-09 09:39:01.814 ERROR 27736 --- [http-nio-8081-exec-2] c.s.b.services.impl.builder.BaseBuilder  : java.sql.SQLSyntaxErrorException: You have an error in your SQL syntax; check the manual that corresponds to your MySQL server version for the right syntax to use near 'WHERE  (buyer_name LIKE '%as%') limit 0, 50' at line 1
2022-09-09 09:39:01.814 ERROR 27736 --- [http-nio-8081-exec-1] c.s.b.services.impl.builder.BaseBuilder  : java.sql.SQLSyntaxErrorException: You have an error in your SQL syntax; check the manual that corresponds to your MySQL server version for the right syntax to use near 'WHERE  (buyer_name LIKE '%a%') limit 0, 50' at line 1
2022-09-09 09:40:29.600  INFO 23800 --- [main] c.s.backend.StakloRamBeApplication       : Starting StakloRamBeApplication using Java 16.0.2 on DESKTOP-3DDETGI with PID 23800 (D:\StakloRam\stakloRam2022\backend\target\classes started by Scepan in D:\StakloRam\stakloRam2022\backend)
2022-09-09 09:40:29.603 DEBUG 23800 --- [main] c.s.backend.StakloRamBeApplication       : Running with Spring Boot v2.6.7, Spring v5.3.19
2022-09-09 09:40:29.603  INFO 23800 --- [main] c.s.backend.StakloRamBeApplication       : No active profile set, falling back to 1 default profile: "default"
2022-09-09 09:40:31.009  INFO 23800 --- [main] o.s.b.w.embedded.tomcat.TomcatWebServer  : Tomcat initialized with port(s): 8081 (http)
2022-09-09 09:40:31.025  INFO 23800 --- [main] o.apache.catalina.core.StandardService   : Starting service [Tomcat]
2022-09-09 09:40:31.025  INFO 23800 --- [main] org.apache.catalina.core.StandardEngine  : Starting Servlet engine: [Apache Tomcat/9.0.62]
2022-09-09 09:40:31.194  INFO 23800 --- [main] o.a.c.c.C.[Tomcat].[localhost].[/]       : Initializing Spring embedded WebApplicationContext
2022-09-09 09:40:31.194  INFO 23800 --- [main] w.s.c.ServletWebServerApplicationContext : Root WebApplicationContext: initialization completed in 1535 ms
2022-09-09 09:40:31.432 DEBUG 23800 --- [main] c.s.backend.auth.JwtRequestFilter        : Filter 'jwtRequestFilter' configured for use
2022-09-09 09:40:31.817  INFO 23800 --- [main] o.s.b.a.w.s.WelcomePageHandlerMapping    : Adding welcome page: class path resource [public/index.html]
2022-09-09 09:40:31.909  INFO 23800 --- [main] o.s.s.web.DefaultSecurityFilterChain     : Will secure any request with [org.springframework.security.web.context.request.async.WebAsyncManagerIntegrationFilter@497d4c96, org.springframework.security.web.context.SecurityContextPersistenceFilter@73971965, org.springframework.security.web.header.HeaderWriterFilter@4f4c88f9, org.springframework.web.filter.CorsFilter@3472947a, org.springframework.security.web.authentication.logout.LogoutFilter@40f35e52, com.stakloram.backend.auth.JwtRequestFilter@654c7d2d, org.springframework.security.web.savedrequest.RequestCacheAwareFilter@17410c07, org.springframework.security.web.servletapi.SecurityContextHolderAwareRequestFilter@64f981e2, org.springframework.security.web.authentication.AnonymousAuthenticationFilter@69d3cf7e, org.springframework.security.web.session.SessionManagementFilter@bbd4791, org.springframework.security.web.access.ExceptionTranslationFilter@75e27856, org.springframework.security.web.access.intercept.FilterSecurityInterceptor@d48e998]
2022-09-09 09:40:32.086  INFO 23800 --- [main] o.s.b.w.embedded.tomcat.TomcatWebServer  : Tomcat started on port(s): 8081 (http) with context path ''
2022-09-09 09:40:32.098  INFO 23800 --- [main] c.s.backend.StakloRamBeApplication       : Started StakloRamBeApplication in 2.998 seconds (JVM running for 3.396)
2022-09-09 09:40:34.580  INFO 23800 --- [http-nio-8081-exec-1] o.a.c.c.C.[Tomcat].[localhost].[/]       : Initializing Spring DispatcherServlet 'dispatcherServlet'
2022-09-09 09:40:34.580  INFO 23800 --- [http-nio-8081-exec-1] o.s.web.servlet.DispatcherServlet        : Initializing Servlet 'dispatcherServlet'
2022-09-09 09:40:34.581  INFO 23800 --- [http-nio-8081-exec-1] o.s.web.servlet.DispatcherServlet        : Completed initialization in 1 ms
2022-09-09 09:40:34.785 ERROR 23800 --- [http-nio-8081-exec-1] c.s.b.services.impl.builder.BaseBuilder  : java.sql.SQLSyntaxErrorException: You have an error in your SQL syntax; check the manual that corresponds to your MySQL server version for the right syntax to use near 'WHERE  (buyer_name LIKE '%asa%') limit 0, 50' at line 1
2022-09-09 09:43:19.164  INFO 28360 --- [main] c.s.backend.StakloRamBeApplication       : Starting StakloRamBeApplication using Java 16.0.2 on DESKTOP-3DDETGI with PID 28360 (D:\StakloRam\stakloRam2022\backend\target\classes started by Scepan in D:\StakloRam\stakloRam2022\backend)
2022-09-09 09:43:19.167 DEBUG 28360 --- [main] c.s.backend.StakloRamBeApplication       : Running with Spring Boot v2.6.7, Spring v5.3.19
2022-09-09 09:43:19.167  INFO 28360 --- [main] c.s.backend.StakloRamBeApplication       : No active profile set, falling back to 1 default profile: "default"
2022-09-09 09:43:20.650  INFO 28360 --- [main] o.s.b.w.embedded.tomcat.TomcatWebServer  : Tomcat initialized with port(s): 8081 (http)
2022-09-09 09:43:20.663  INFO 28360 --- [main] o.apache.catalina.core.StandardService   : Starting service [Tomcat]
2022-09-09 09:43:20.663  INFO 28360 --- [main] org.apache.catalina.core.StandardEngine  : Starting Servlet engine: [Apache Tomcat/9.0.62]
2022-09-09 09:43:20.791  INFO 28360 --- [main] o.a.c.c.C.[Tomcat].[localhost].[/]       : Initializing Spring embedded WebApplicationContext
2022-09-09 09:43:20.791  INFO 28360 --- [main] w.s.c.ServletWebServerApplicationContext : Root WebApplicationContext: initialization completed in 1572 ms
2022-09-09 09:43:21.034 DEBUG 28360 --- [main] c.s.backend.auth.JwtRequestFilter        : Filter 'jwtRequestFilter' configured for use
2022-09-09 09:43:21.396  INFO 28360 --- [main] o.s.b.a.w.s.WelcomePageHandlerMapping    : Adding welcome page: class path resource [public/index.html]
2022-09-09 09:43:21.481  INFO 28360 --- [main] o.s.s.web.DefaultSecurityFilterChain     : Will secure any request with [org.springframework.security.web.context.request.async.WebAsyncManagerIntegrationFilter@4bdf, org.springframework.security.web.context.SecurityContextPersistenceFilter@75e27856, org.springframework.security.web.header.HeaderWriterFilter@34d45ec0, org.springframework.web.filter.CorsFilter@4cad79bc, org.springframework.security.web.authentication.logout.LogoutFilter@7219ac49, com.stakloram.backend.auth.JwtRequestFilter@3804a9a8, org.springframework.security.web.savedrequest.RequestCacheAwareFilter@4f4c88f9, org.springframework.security.web.servletapi.SecurityContextHolderAwareRequestFilter@6b63e6ad, org.springframework.security.web.authentication.AnonymousAuthenticationFilter@2c63762b, org.springframework.security.web.session.SessionManagementFilter@766a49c7, org.springframework.security.web.access.ExceptionTranslationFilter@7d32e714, org.springframework.security.web.access.intercept.FilterSecurityInterceptor@3a7e365]
2022-09-09 09:43:21.662  INFO 28360 --- [main] o.s.b.w.embedded.tomcat.TomcatWebServer  : Tomcat started on port(s): 8081 (http) with context path ''
2022-09-09 09:43:21.670  INFO 28360 --- [main] c.s.backend.StakloRamBeApplication       : Started StakloRamBeApplication in 2.996 seconds (JVM running for 3.391)
2022-09-09 09:43:23.413  INFO 28360 --- [http-nio-8081-exec-1] o.a.c.c.C.[Tomcat].[localhost].[/]       : Initializing Spring DispatcherServlet 'dispatcherServlet'
2022-09-09 09:43:23.414  INFO 28360 --- [http-nio-8081-exec-1] o.s.web.servlet.DispatcherServlet        : Initializing Servlet 'dispatcherServlet'
2022-09-09 09:43:23.414  INFO 28360 --- [http-nio-8081-exec-1] o.s.web.servlet.DispatcherServlet        : Completed initialization in 0 ms
2022-09-09 09:44:01.009  INFO 25996 --- [main] c.s.backend.StakloRamBeApplication       : Starting StakloRamBeApplication using Java 16.0.2 on DESKTOP-3DDETGI with PID 25996 (D:\StakloRam\stakloRam2022\backend\target\classes started by Scepan in D:\StakloRam\stakloRam2022\backend)
2022-09-09 09:44:01.012 DEBUG 25996 --- [main] c.s.backend.StakloRamBeApplication       : Running with Spring Boot v2.6.7, Spring v5.3.19
2022-09-09 09:44:01.013  INFO 25996 --- [main] c.s.backend.StakloRamBeApplication       : No active profile set, falling back to 1 default profile: "default"
2022-09-09 09:44:02.315  INFO 25996 --- [main] o.s.b.w.embedded.tomcat.TomcatWebServer  : Tomcat initialized with port(s): 8081 (http)
2022-09-09 09:44:02.328  INFO 25996 --- [main] o.apache.catalina.core.StandardService   : Starting service [Tomcat]
2022-09-09 09:44:02.329  INFO 25996 --- [main] org.apache.catalina.core.StandardEngine  : Starting Servlet engine: [Apache Tomcat/9.0.62]
2022-09-09 09:44:02.440  INFO 25996 --- [main] o.a.c.c.C.[Tomcat].[localhost].[/]       : Initializing Spring embedded WebApplicationContext
2022-09-09 09:44:02.440  INFO 25996 --- [main] w.s.c.ServletWebServerApplicationContext : Root WebApplicationContext: initialization completed in 1380 ms
2022-09-09 09:44:02.705 DEBUG 25996 --- [main] c.s.backend.auth.JwtRequestFilter        : Filter 'jwtRequestFilter' configured for use
2022-09-09 09:44:03.030  INFO 25996 --- [main] o.s.b.a.w.s.WelcomePageHandlerMapping    : Adding welcome page: class path resource [public/index.html]
2022-09-09 09:44:03.113  INFO 25996 --- [main] o.s.s.web.DefaultSecurityFilterChain     : Will secure any request with [org.springframework.security.web.context.request.async.WebAsyncManagerIntegrationFilter@1984212d, org.springframework.security.web.context.SecurityContextPersistenceFilter@257ef9ed, org.springframework.security.web.header.HeaderWriterFilter@2a53f215, org.springframework.web.filter.CorsFilter@39f5b723, org.springframework.security.web.authentication.logout.LogoutFilter@1ee47d9e, com.stakloram.backend.auth.JwtRequestFilter@18d910b3, org.springframework.security.web.savedrequest.RequestCacheAwareFilter@46f902e0, org.springframework.security.web.servletapi.SecurityContextHolderAwareRequestFilter@7165d530, org.springframework.security.web.authentication.AnonymousAuthenticationFilter@4eaa375c, org.springframework.security.web.session.SessionManagementFilter@17410c07, org.springframework.security.web.access.ExceptionTranslationFilter@cb39552, org.springframework.security.web.access.intercept.FilterSecurityInterceptor@1a256d80]
2022-09-09 09:44:03.269  INFO 25996 --- [main] o.s.b.w.embedded.tomcat.TomcatWebServer  : Tomcat started on port(s): 8081 (http) with context path ''
2022-09-09 09:44:03.278  INFO 25996 --- [main] c.s.backend.StakloRamBeApplication       : Started StakloRamBeApplication in 2.753 seconds (JVM running for 3.101)
2022-09-09 09:44:03.412  INFO 25996 --- [http-nio-8081-exec-1] o.a.c.c.C.[Tomcat].[localhost].[/]       : Initializing Spring DispatcherServlet 'dispatcherServlet'
2022-09-09 09:44:03.412  INFO 25996 --- [http-nio-8081-exec-1] o.s.web.servlet.DispatcherServlet        : Initializing Servlet 'dispatcherServlet'
2022-09-09 09:44:03.413  INFO 25996 --- [http-nio-8081-exec-1] o.s.web.servlet.DispatcherServlet        : Completed initialization in 1 ms
2022-09-09 09:49:28.039  INFO 12320 --- [main] c.s.backend.StakloRamBeApplication       : Starting StakloRamBeApplication using Java 16.0.2 on DESKTOP-3DDETGI with PID 12320 (D:\StakloRam\stakloRam2022\backend\target\classes started by Scepan in D:\StakloRam\stakloRam2022\backend)
2022-09-09 09:49:28.041 DEBUG 12320 --- [main] c.s.backend.StakloRamBeApplication       : Running with Spring Boot v2.6.7, Spring v5.3.19
2022-09-09 09:49:28.042  INFO 12320 --- [main] c.s.backend.StakloRamBeApplication       : No active profile set, falling back to 1 default profile: "default"
2022-09-09 09:49:29.255  INFO 12320 --- [main] o.s.b.w.embedded.tomcat.TomcatWebServer  : Tomcat initialized with port(s): 8081 (http)
2022-09-09 09:49:29.266  INFO 12320 --- [main] o.apache.catalina.core.StandardService   : Starting service [Tomcat]
2022-09-09 09:49:29.267  INFO 12320 --- [main] org.apache.catalina.core.StandardEngine  : Starting Servlet engine: [Apache Tomcat/9.0.62]
2022-09-09 09:49:29.369  INFO 12320 --- [main] o.a.c.c.C.[Tomcat].[localhost].[/]       : Initializing Spring embedded WebApplicationContext
2022-09-09 09:49:29.369  INFO 12320 --- [main] w.s.c.ServletWebServerApplicationContext : Root WebApplicationContext: initialization completed in 1278 ms
2022-09-09 09:49:29.572 DEBUG 12320 --- [main] c.s.backend.auth.JwtRequestFilter        : Filter 'jwtRequestFilter' configured for use
2022-09-09 09:49:29.883  INFO 12320 --- [main] o.s.b.a.w.s.WelcomePageHandlerMapping    : Adding welcome page: class path resource [public/index.html]
2022-09-09 09:49:29.972  INFO 12320 --- [main] o.s.s.web.DefaultSecurityFilterChain     : Will secure any request with [org.springframework.security.web.context.request.async.WebAsyncManagerIntegrationFilter@5568c66f, org.springframework.security.web.context.SecurityContextPersistenceFilter@7523a3dc, org.springframework.security.web.header.HeaderWriterFilter@2152ab30, org.springframework.web.filter.CorsFilter@e784320, org.springframework.security.web.authentication.logout.LogoutFilter@12f49ca8, com.stakloram.backend.auth.JwtRequestFilter@623dcf2a, org.springframework.security.web.savedrequest.RequestCacheAwareFilter@766a49c7, org.springframework.security.web.servletapi.SecurityContextHolderAwareRequestFilter@6a756082, org.springframework.security.web.authentication.AnonymousAuthenticationFilter@3f6bf8aa, org.springframework.security.web.session.SessionManagementFilter@62b790a5, org.springframework.security.web.access.ExceptionTranslationFilter@df921b1, org.springframework.security.web.access.intercept.FilterSecurityInterceptor@696db620]
2022-09-09 09:49:30.140  INFO 12320 --- [main] o.s.b.w.embedded.tomcat.TomcatWebServer  : Tomcat started on port(s): 8081 (http) with context path ''
2022-09-09 09:49:30.147  INFO 12320 --- [main] c.s.backend.StakloRamBeApplication       : Started StakloRamBeApplication in 2.562 seconds (JVM running for 2.913)
2022-09-09 09:49:32.872  INFO 12320 --- [http-nio-8081-exec-2] o.a.c.c.C.[Tomcat].[localhost].[/]       : Initializing Spring DispatcherServlet 'dispatcherServlet'
2022-09-09 09:49:32.872  INFO 12320 --- [http-nio-8081-exec-2] o.s.web.servlet.DispatcherServlet        : Initializing Servlet 'dispatcherServlet'
2022-09-09 09:49:32.873  INFO 12320 --- [http-nio-8081-exec-2] o.s.web.servlet.DispatcherServlet        : Completed initialization in 0 ms
2022-09-09 09:53:52.994  INFO 23052 --- [main] c.s.backend.StakloRamBeApplicationTests  : Starting StakloRamBeApplicationTests using Java 16.0.2 on DESKTOP-3DDETGI with PID 23052 (started by Scepan in D:\StakloRam\stakloRam2022\backend)
2022-09-09 09:53:52.995 DEBUG 23052 --- [main] c.s.backend.StakloRamBeApplicationTests  : Running with Spring Boot v2.6.7, Spring v5.3.19
2022-09-09 09:53:52.996  INFO 23052 --- [main] c.s.backend.StakloRamBeApplicationTests  : No active profile set, falling back to 1 default profile: "default"
2022-09-09 09:53:55.209  INFO 23052 --- [main] o.s.b.a.w.s.WelcomePageHandlerMapping    : Adding welcome page: class path resource [public/index.html]
2022-09-09 09:53:55.434  INFO 23052 --- [main] o.s.s.web.DefaultSecurityFilterChain     : Will secure any request with [org.springframework.security.web.context.request.async.WebAsyncManagerIntegrationFilter@38291795, org.springframework.security.web.context.SecurityContextPersistenceFilter@3811510, org.springframework.security.web.header.HeaderWriterFilter@4bcaa195, org.springframework.web.filter.CorsFilter@234c5e41, org.springframework.security.web.authentication.logout.LogoutFilter@49cb1baf, com.stakloram.backend.auth.JwtRequestFilter@40ef0af8, org.springframework.security.web.savedrequest.RequestCacheAwareFilter@748f93bb, org.springframework.security.web.servletapi.SecurityContextHolderAwareRequestFilter@346f41a9, org.springframework.security.web.authentication.AnonymousAuthenticationFilter@36790bec, org.springframework.security.web.session.SessionManagementFilter@6a916402, org.springframework.security.web.access.ExceptionTranslationFilter@16a5eb6d, org.springframework.security.web.access.intercept.FilterSecurityInterceptor@468e8565]
2022-09-09 09:53:55.830  INFO 23052 --- [main] c.s.backend.StakloRamBeApplicationTests  : Started StakloRamBeApplicationTests in 3.234 seconds (JVM running for 4.534)
2022-09-09 09:55:31.953  INFO 27116 --- [main] c.s.backend.StakloRamBeApplicationTests  : Starting StakloRamBeApplicationTests using Java 16.0.2 on DESKTOP-3DDETGI with PID 27116 (started by Scepan in D:\StakloRam\stakloRam2022\backend)
2022-09-09 09:55:31.955 DEBUG 27116 --- [main] c.s.backend.StakloRamBeApplicationTests  : Running with Spring Boot v2.6.7, Spring v5.3.19
2022-09-09 09:55:31.956  INFO 27116 --- [main] c.s.backend.StakloRamBeApplicationTests  : No active profile set, falling back to 1 default profile: "default"
2022-09-09 09:55:34.060  INFO 27116 --- [main] o.s.b.a.w.s.WelcomePageHandlerMapping    : Adding welcome page: class path resource [public/index.html]
2022-09-09 09:55:34.243  INFO 27116 --- [main] o.s.s.web.DefaultSecurityFilterChain     : Will secure any request with [org.springframework.security.web.context.request.async.WebAsyncManagerIntegrationFilter@36790bec, org.springframework.security.web.context.SecurityContextPersistenceFilter@748f93bb, org.springframework.security.web.header.HeaderWriterFilter@3f362135, org.springframework.web.filter.CorsFilter@461c3709, org.springframework.security.web.authentication.logout.LogoutFilter@34a2d6e0, com.stakloram.backend.auth.JwtRequestFilter@7e3d7dd, org.springframework.security.web.savedrequest.RequestCacheAwareFilter@2a43e0ac, org.springframework.security.web.servletapi.SecurityContextHolderAwareRequestFilter@4aa11206, org.springframework.security.web.authentication.AnonymousAuthenticationFilter@3f63a513, org.springframework.security.web.session.SessionManagementFilter@62d1dc3c, org.springframework.security.web.access.ExceptionTranslationFilter@1a8b81e8, org.springframework.security.web.access.intercept.FilterSecurityInterceptor@75b38c36]
2022-09-09 09:55:34.706  INFO 27116 --- [main] c.s.backend.StakloRamBeApplicationTests  : Started StakloRamBeApplicationTests in 3.109 seconds (JVM running for 4.277)
2022-09-09 09:55:53.695  INFO 22116 --- [main] c.s.backend.StakloRamBeApplication       : Starting StakloRamBeApplication using Java 16.0.2 on DESKTOP-3DDETGI with PID 22116 (D:\StakloRam\stakloRam2022\backend\target\classes started by Scepan in D:\StakloRam\stakloRam2022\backend)
2022-09-09 09:55:53.699 DEBUG 22116 --- [main] c.s.backend.StakloRamBeApplication       : Running with Spring Boot v2.6.7, Spring v5.3.19
2022-09-09 09:55:53.699  INFO 22116 --- [main] c.s.backend.StakloRamBeApplication       : No active profile set, falling back to 1 default profile: "default"
2022-09-09 09:55:55.273  INFO 22116 --- [main] o.s.b.w.embedded.tomcat.TomcatWebServer  : Tomcat initialized with port(s): 8081 (http)
2022-09-09 09:55:55.295  INFO 22116 --- [main] o.apache.catalina.core.StandardService   : Starting service [Tomcat]
2022-09-09 09:55:55.296  INFO 22116 --- [main] org.apache.catalina.core.StandardEngine  : Starting Servlet engine: [Apache Tomcat/9.0.62]
2022-09-09 09:55:55.490  INFO 22116 --- [main] o.a.c.c.C.[Tomcat].[localhost].[/]       : Initializing Spring embedded WebApplicationContext
2022-09-09 09:55:55.490  INFO 22116 --- [main] w.s.c.ServletWebServerApplicationContext : Root WebApplicationContext: initialization completed in 1723 ms
2022-09-09 09:55:55.787 DEBUG 22116 --- [main] c.s.backend.auth.JwtRequestFilter        : Filter 'jwtRequestFilter' configured for use
2022-09-09 09:55:56.171  INFO 22116 --- [main] o.s.b.a.w.s.WelcomePageHandlerMapping    : Adding welcome page: class path resource [public/index.html]
2022-09-09 09:55:56.283  INFO 22116 --- [main] o.s.s.web.DefaultSecurityFilterChain     : Will secure any request with [org.springframework.security.web.context.request.async.WebAsyncManagerIntegrationFilter@68e02f33, org.springframework.security.web.context.SecurityContextPersistenceFilter@73971965, org.springframework.security.web.header.HeaderWriterFilter@4f4c88f9, org.springframework.web.filter.CorsFilter@64942607, org.springframework.security.web.authentication.logout.LogoutFilter@40f35e52, com.stakloram.backend.auth.JwtRequestFilter@15400fff, org.springframework.security.web.savedrequest.RequestCacheAwareFilter@17410c07, org.springframework.security.web.servletapi.SecurityContextHolderAwareRequestFilter@64f981e2, org.springframework.security.web.authentication.AnonymousAuthenticationFilter@d48e998, org.springframework.security.web.session.SessionManagementFilter@bbd4791, org.springframework.security.web.access.ExceptionTranslationFilter@75e27856, org.springframework.security.web.access.intercept.FilterSecurityInterceptor@3f6bf8aa]
2022-09-09 09:55:56.478  INFO 22116 --- [main] o.s.b.w.embedded.tomcat.TomcatWebServer  : Tomcat started on port(s): 8081 (http) with context path ''
2022-09-09 09:55:56.486  INFO 22116 --- [main] c.s.backend.StakloRamBeApplication       : Started StakloRamBeApplication in 3.25 seconds (JVM running for 3.677)
2022-09-09 09:56:01.161  INFO 22116 --- [http-nio-8081-exec-1] o.a.c.c.C.[Tomcat].[localhost].[/]       : Initializing Spring DispatcherServlet 'dispatcherServlet'
2022-09-09 09:56:01.162  INFO 22116 --- [http-nio-8081-exec-1] o.s.web.servlet.DispatcherServlet        : Initializing Servlet 'dispatcherServlet'
2022-09-09 09:56:01.163  INFO 22116 --- [http-nio-8081-exec-1] o.s.web.servlet.DispatcherServlet        : Completed initialization in 1 ms
