04-May-2022 10:26:12.980 INFO [localhost-startStop-1] org.apache.catalina.core.ApplicationContext.log ContextListener: contextInitialized()
04-May-2022 10:26:12.980 INFO [localhost-startStop-1] org.apache.catalina.core.ApplicationContext.log SessionListener: contextInitialized()
04-May-2022 10:26:12.982 INFO [localhost-startStop-1] org.apache.catalina.core.ApplicationContext.log ContextListener: attributeAdded('StockTicker', 'async.Stockticker@33f07d42')
04-May-2022 10:27:30.817 SEVERE [http-nio-8080-exec-1] org.apache.catalina.core.StandardWrapperValve.invoke Servlet.service() for servlet [Login] in context with path [/StakloRam] threw exception
	java.lang.NullPointerException
		at util.database.UserDatabaseUtil.returnAllObjectsFromDatabase(UserDatabaseUtil.java:29)
		at util.database.UserDatabaseUtil.checkCredentialsOfUserOnLogin(UserDatabaseUtil.java:280)
		at util.modelUtil.UserUtil.checkUserRights(UserUtil.java:24)
		at controller.Login.processRequest(Login.java:23)
		at controller.Login.doPost(Login.java:43)
		at javax.servlet.http.HttpServlet.service(HttpServlet.java:681)
		at javax.servlet.http.HttpServlet.service(HttpServlet.java:764)
		at org.apache.catalina.core.ApplicationFilterChain.internalDoFilter(ApplicationFilterChain.java:231)
		at org.apache.catalina.core.ApplicationFilterChain.doFilter(ApplicationFilterChain.java:166)
		at org.apache.tomcat.websocket.server.WsFilter.doFilter(WsFilter.java:52)
		at org.apache.catalina.core.ApplicationFilterChain.internalDoFilter(ApplicationFilterChain.java:193)
		at org.apache.catalina.core.ApplicationFilterChain.doFilter(ApplicationFilterChain.java:166)
		at org.apache.catalina.core.StandardWrapperValve.invoke(StandardWrapperValve.java:197)
		at org.apache.catalina.core.StandardContextValve.invoke(StandardContextValve.java:97)
		at org.apache.catalina.authenticator.AuthenticatorBase.invoke(AuthenticatorBase.java:543)
		at org.apache.catalina.core.StandardHostValve.invoke(StandardHostValve.java:135)
		at org.apache.catalina.valves.ErrorReportValve.invoke(ErrorReportValve.java:92)
		at org.apache.catalina.valves.AbstractAccessLogValve.invoke(AbstractAccessLogValve.java:698)
		at org.apache.catalina.core.StandardEngineValve.invoke(StandardEngineValve.java:78)
		at org.apache.catalina.connector.CoyoteAdapter.service(CoyoteAdapter.java:367)
		at org.apache.coyote.http11.Http11Processor.service(Http11Processor.java:639)
		at org.apache.coyote.AbstractProcessorLight.process(AbstractProcessorLight.java:65)
		at org.apache.coyote.AbstractProtocol$ConnectionHandler.process(AbstractProtocol.java:882)
		at org.apache.tomcat.util.net.NioEndpoint$SocketProcessor.doRun(NioEndpoint.java:1647)
		at org.apache.tomcat.util.net.SocketProcessorBase.run(SocketProcessorBase.java:49)
		at org.apache.tomcat.util.threads.ThreadPoolExecutor.runWorker(ThreadPoolExecutor.java:1191)
		at org.apache.tomcat.util.threads.ThreadPoolExecutor$Worker.run(ThreadPoolExecutor.java:659)
		at org.apache.tomcat.util.threads.TaskThread$WrappingRunnable.run(TaskThread.java:61)
		at java.base/java.lang.Thread.run(Thread.java:834)
04-May-2022 10:28:13.828 INFO [localhost-startStop-2] org.apache.catalina.core.ApplicationContext.log SessionListener: contextDestroyed()
04-May-2022 10:28:13.828 INFO [localhost-startStop-2] org.apache.catalina.core.ApplicationContext.log ContextListener: contextDestroyed()
04-May-2022 10:28:23.545 INFO [localhost-startStop-1] org.apache.catalina.core.ApplicationContext.log ContextListener: contextInitialized()
04-May-2022 10:28:23.545 INFO [localhost-startStop-1] org.apache.catalina.core.ApplicationContext.log SessionListener: contextInitialized()
04-May-2022 10:28:23.547 INFO [localhost-startStop-1] org.apache.catalina.core.ApplicationContext.log ContextListener: attributeAdded('StockTicker', 'async.Stockticker@7bc7682c')
04-May-2022 10:28:33.437 SEVERE [http-nio-8080-exec-1] org.apache.catalina.core.StandardWrapperValve.invoke Servlet.service() for servlet [Login] in context with path [/StakloRam] threw exception
	java.lang.NullPointerException
		at util.database.UserDatabaseUtil.returnAllObjectsFromDatabase(UserDatabaseUtil.java:29)
		at util.database.UserDatabaseUtil.checkCredentialsOfUserOnLogin(UserDatabaseUtil.java:280)
		at util.modelUtil.UserUtil.checkUserRights(UserUtil.java:24)
		at controller.Login.processRequest(Login.java:23)
		at controller.Login.doPost(Login.java:43)
		at javax.servlet.http.HttpServlet.service(HttpServlet.java:681)
		at javax.servlet.http.HttpServlet.service(HttpServlet.java:764)
		at org.apache.catalina.core.ApplicationFilterChain.internalDoFilter(ApplicationFilterChain.java:231)
		at org.apache.catalina.core.ApplicationFilterChain.doFilter(ApplicationFilterChain.java:166)
		at org.apache.tomcat.websocket.server.WsFilter.doFilter(WsFilter.java:52)
		at org.apache.catalina.core.ApplicationFilterChain.internalDoFilter(ApplicationFilterChain.java:193)
		at org.apache.catalina.core.ApplicationFilterChain.doFilter(ApplicationFilterChain.java:166)
		at org.apache.catalina.core.StandardWrapperValve.invoke(StandardWrapperValve.java:197)
		at org.apache.catalina.core.StandardContextValve.invoke(StandardContextValve.java:97)
		at org.apache.catalina.authenticator.AuthenticatorBase.invoke(AuthenticatorBase.java:543)
		at org.apache.catalina.core.StandardHostValve.invoke(StandardHostValve.java:135)
		at org.apache.catalina.valves.ErrorReportValve.invoke(ErrorReportValve.java:92)
		at org.apache.catalina.valves.AbstractAccessLogValve.invoke(AbstractAccessLogValve.java:698)
		at org.apache.catalina.core.StandardEngineValve.invoke(StandardEngineValve.java:78)
		at org.apache.catalina.connector.CoyoteAdapter.service(CoyoteAdapter.java:367)
		at org.apache.coyote.http11.Http11Processor.service(Http11Processor.java:639)
		at org.apache.coyote.AbstractProcessorLight.process(AbstractProcessorLight.java:65)
		at org.apache.coyote.AbstractProtocol$ConnectionHandler.process(AbstractProtocol.java:882)
		at org.apache.tomcat.util.net.NioEndpoint$SocketProcessor.doRun(NioEndpoint.java:1647)
		at org.apache.tomcat.util.net.SocketProcessorBase.run(SocketProcessorBase.java:49)
		at org.apache.tomcat.util.threads.ThreadPoolExecutor.runWorker(ThreadPoolExecutor.java:1191)
		at org.apache.tomcat.util.threads.ThreadPoolExecutor$Worker.run(ThreadPoolExecutor.java:659)
		at org.apache.tomcat.util.threads.TaskThread$WrappingRunnable.run(TaskThread.java:61)
		at java.base/java.lang.Thread.run(Thread.java:834)
04-May-2022 10:30:04.921 INFO [localhost-startStop-2] org.apache.catalina.core.ApplicationContext.log SessionListener: contextDestroyed()
04-May-2022 10:30:04.921 INFO [localhost-startStop-2] org.apache.catalina.core.ApplicationContext.log ContextListener: contextDestroyed()
04-May-2022 10:30:15.757 INFO [localhost-startStop-1] org.apache.catalina.core.ApplicationContext.log ContextListener: contextInitialized()
04-May-2022 10:30:15.757 INFO [localhost-startStop-1] org.apache.catalina.core.ApplicationContext.log SessionListener: contextInitialized()
04-May-2022 10:30:15.760 INFO [localhost-startStop-1] org.apache.catalina.core.ApplicationContext.log ContextListener: attributeAdded('StockTicker', 'async.Stockticker@51acc9fd')
04-May-2022 10:31:32.098 INFO [localhost-startStop-2] org.apache.catalina.core.ApplicationContext.log SessionListener: contextDestroyed()
04-May-2022 10:31:32.098 INFO [localhost-startStop-2] org.apache.catalina.core.ApplicationContext.log ContextListener: contextDestroyed()
04-May-2022 10:31:39.408 INFO [localhost-startStop-1] org.apache.catalina.core.ApplicationContext.log ContextListener: contextInitialized()
04-May-2022 10:31:39.408 INFO [localhost-startStop-1] org.apache.catalina.core.ApplicationContext.log SessionListener: contextInitialized()
04-May-2022 10:31:39.410 INFO [localhost-startStop-1] org.apache.catalina.core.ApplicationContext.log ContextListener: attributeAdded('StockTicker', 'async.Stockticker@345b9b0a')
04-May-2022 10:34:15.360 INFO [localhost-startStop-2] org.apache.catalina.core.ApplicationContext.log SessionListener: contextDestroyed()
04-May-2022 10:34:15.360 INFO [localhost-startStop-2] org.apache.catalina.core.ApplicationContext.log ContextListener: contextDestroyed()
04-May-2022 10:34:21.354 INFO [localhost-startStop-1] org.apache.catalina.core.ApplicationContext.log ContextListener: contextInitialized()
04-May-2022 10:34:21.354 INFO [localhost-startStop-1] org.apache.catalina.core.ApplicationContext.log SessionListener: contextInitialized()
04-May-2022 10:34:21.356 INFO [localhost-startStop-1] org.apache.catalina.core.ApplicationContext.log ContextListener: attributeAdded('StockTicker', 'async.Stockticker@2bc9061c')
04-May-2022 10:38:07.920 INFO [localhost-startStop-2] org.apache.catalina.core.ApplicationContext.log SessionListener: contextDestroyed()
04-May-2022 10:38:07.921 INFO [localhost-startStop-2] org.apache.catalina.core.ApplicationContext.log ContextListener: contextDestroyed()
04-May-2022 10:38:14.124 INFO [localhost-startStop-1] org.apache.catalina.core.ApplicationContext.log ContextListener: contextInitialized()
04-May-2022 10:38:14.124 INFO [localhost-startStop-1] org.apache.catalina.core.ApplicationContext.log SessionListener: contextInitialized()
04-May-2022 10:38:14.126 INFO [localhost-startStop-1] org.apache.catalina.core.ApplicationContext.log ContextListener: attributeAdded('StockTicker', 'async.Stockticker@729f4250')
04-May-2022 10:39:43.277 INFO [localhost-startStop-2] org.apache.catalina.core.ApplicationContext.log SessionListener: contextDestroyed()
04-May-2022 10:39:43.277 INFO [localhost-startStop-2] org.apache.catalina.core.ApplicationContext.log ContextListener: contextDestroyed()
04-May-2022 10:39:49.218 INFO [localhost-startStop-1] org.apache.catalina.core.ApplicationContext.log ContextListener: contextInitialized()
04-May-2022 10:39:49.218 INFO [localhost-startStop-1] org.apache.catalina.core.ApplicationContext.log SessionListener: contextInitialized()
04-May-2022 10:39:49.219 INFO [localhost-startStop-1] org.apache.catalina.core.ApplicationContext.log ContextListener: attributeAdded('StockTicker', 'async.Stockticker@82796fb')
04-May-2022 10:40:30.586 INFO [localhost-startStop-2] org.apache.catalina.core.ApplicationContext.log SessionListener: contextDestroyed()
04-May-2022 10:40:30.587 INFO [localhost-startStop-2] org.apache.catalina.core.ApplicationContext.log ContextListener: contextDestroyed()
04-May-2022 10:41:08.313 INFO [localhost-startStop-1] org.apache.catalina.core.ApplicationContext.log ContextListener: contextInitialized()
04-May-2022 10:41:08.313 INFO [localhost-startStop-1] org.apache.catalina.core.ApplicationContext.log SessionListener: contextInitialized()
04-May-2022 10:41:08.314 INFO [localhost-startStop-1] org.apache.catalina.core.ApplicationContext.log ContextListener: attributeAdded('StockTicker', 'async.Stockticker@658219c9')
04-May-2022 10:42:05.634 INFO [localhost-startStop-2] org.apache.catalina.core.ApplicationContext.log SessionListener: contextDestroyed()
04-May-2022 10:42:05.634 INFO [localhost-startStop-2] org.apache.catalina.core.ApplicationContext.log ContextListener: contextDestroyed()
04-May-2022 10:42:11.040 INFO [localhost-startStop-1] org.apache.catalina.core.ApplicationContext.log ContextListener: contextInitialized()
04-May-2022 10:42:11.040 INFO [localhost-startStop-1] org.apache.catalina.core.ApplicationContext.log SessionListener: contextInitialized()
04-May-2022 10:42:11.042 INFO [localhost-startStop-1] org.apache.catalina.core.ApplicationContext.log ContextListener: attributeAdded('StockTicker', 'async.Stockticker@2228960c')
04-May-2022 10:42:41.503 INFO [localhost-startStop-2] org.apache.catalina.core.ApplicationContext.log SessionListener: contextDestroyed()
04-May-2022 10:42:41.504 INFO [localhost-startStop-2] org.apache.catalina.core.ApplicationContext.log ContextListener: contextDestroyed()
04-May-2022 10:43:04.559 INFO [localhost-startStop-1] org.apache.catalina.core.ApplicationContext.log ContextListener: contextInitialized()
04-May-2022 10:43:04.560 INFO [localhost-startStop-1] org.apache.catalina.core.ApplicationContext.log SessionListener: contextInitialized()
04-May-2022 10:43:04.562 INFO [localhost-startStop-1] org.apache.catalina.core.ApplicationContext.log ContextListener: attributeAdded('StockTicker', 'async.Stockticker@729f4250')
04-May-2022 10:48:07.486 INFO [localhost-startStop-2] org.apache.catalina.core.ApplicationContext.log SessionListener: contextDestroyed()
04-May-2022 10:48:07.486 INFO [localhost-startStop-2] org.apache.catalina.core.ApplicationContext.log ContextListener: contextDestroyed()
04-May-2022 10:48:18.703 INFO [localhost-startStop-1] org.apache.catalina.core.ApplicationContext.log ContextListener: contextInitialized()
04-May-2022 10:48:18.703 INFO [localhost-startStop-1] org.apache.catalina.core.ApplicationContext.log SessionListener: contextInitialized()
04-May-2022 10:48:18.705 INFO [localhost-startStop-1] org.apache.catalina.core.ApplicationContext.log ContextListener: attributeAdded('StockTicker', 'async.Stockticker@82796fb')
04-May-2022 11:05:00.045 SEVERE [http-nio-8080-exec-15] org.apache.catalina.core.StandardWrapperValve.invoke Servlet.service() for servlet [GetAllUsers] in context with path [/StakloRam] threw exception
	java.lang.RuntimeException: Uncompilable code - cannot find symbol
  symbol:   method getAllUsers()
  location: class util.database.UserDatabaseUtil
		at util.modelUtil.UserUtil.getAllObjects(UserUtil.java:1)
		at controller.GetAllUsers.processRequest(GetAllUsers.java:26)
		at controller.GetAllUsers.doGet(GetAllUsers.java:41)
		at javax.servlet.http.HttpServlet.service(HttpServlet.java:655)
		at javax.servlet.http.HttpServlet.service(HttpServlet.java:764)
		at org.apache.catalina.core.ApplicationFilterChain.internalDoFilter(ApplicationFilterChain.java:231)
		at org.apache.catalina.core.ApplicationFilterChain.doFilter(ApplicationFilterChain.java:166)
		at org.apache.tomcat.websocket.server.WsFilter.doFilter(WsFilter.java:52)
		at org.apache.catalina.core.ApplicationFilterChain.internalDoFilter(ApplicationFilterChain.java:193)
		at org.apache.catalina.core.ApplicationFilterChain.doFilter(ApplicationFilterChain.java:166)
		at org.apache.catalina.core.StandardWrapperValve.invoke(StandardWrapperValve.java:197)
		at org.apache.catalina.core.StandardContextValve.invoke(StandardContextValve.java:97)
		at org.apache.catalina.authenticator.AuthenticatorBase.invoke(AuthenticatorBase.java:543)
		at org.apache.catalina.core.StandardHostValve.invoke(StandardHostValve.java:135)
		at org.apache.catalina.valves.ErrorReportValve.invoke(ErrorReportValve.java:92)
		at org.apache.catalina.valves.AbstractAccessLogValve.invoke(AbstractAccessLogValve.java:698)
		at org.apache.catalina.core.StandardEngineValve.invoke(StandardEngineValve.java:78)
		at org.apache.catalina.connector.CoyoteAdapter.service(CoyoteAdapter.java:367)
		at org.apache.coyote.http11.Http11Processor.service(Http11Processor.java:639)
		at org.apache.coyote.AbstractProcessorLight.process(AbstractProcessorLight.java:65)
		at org.apache.coyote.AbstractProtocol$ConnectionHandler.process(AbstractProtocol.java:882)
		at org.apache.tomcat.util.net.NioEndpoint$SocketProcessor.doRun(NioEndpoint.java:1647)
		at org.apache.tomcat.util.net.SocketProcessorBase.run(SocketProcessorBase.java:49)
		at org.apache.tomcat.util.threads.ThreadPoolExecutor.runWorker(ThreadPoolExecutor.java:1191)
		at org.apache.tomcat.util.threads.ThreadPoolExecutor$Worker.run(ThreadPoolExecutor.java:659)
		at org.apache.tomcat.util.threads.TaskThread$WrappingRunnable.run(TaskThread.java:61)
		at java.base/java.lang.Thread.run(Thread.java:834)
04-May-2022 11:05:09.780 SEVERE [http-nio-8080-exec-17] org.apache.catalina.core.StandardWrapperValve.invoke Servlet.service() for servlet [GetAllUsers] in context with path [/StakloRam] threw exception
	java.lang.RuntimeException: Uncompilable code - cannot find symbol
  symbol:   method getAllUsers()
  location: class util.database.UserDatabaseUtil
		at util.modelUtil.UserUtil.getAllObjects(UserUtil.java:1)
		at controller.GetAllUsers.processRequest(GetAllUsers.java:26)
		at controller.GetAllUsers.doGet(GetAllUsers.java:41)
		at javax.servlet.http.HttpServlet.service(HttpServlet.java:655)
		at javax.servlet.http.HttpServlet.service(HttpServlet.java:764)
		at org.apache.catalina.core.ApplicationFilterChain.internalDoFilter(ApplicationFilterChain.java:231)
		at org.apache.catalina.core.ApplicationFilterChain.doFilter(ApplicationFilterChain.java:166)
		at org.apache.tomcat.websocket.server.WsFilter.doFilter(WsFilter.java:52)
		at org.apache.catalina.core.ApplicationFilterChain.internalDoFilter(ApplicationFilterChain.java:193)
		at org.apache.catalina.core.ApplicationFilterChain.doFilter(ApplicationFilterChain.java:166)
		at org.apache.catalina.core.StandardWrapperValve.invoke(StandardWrapperValve.java:197)
		at org.apache.catalina.core.StandardContextValve.invoke(StandardContextValve.java:97)
		at org.apache.catalina.authenticator.AuthenticatorBase.invoke(AuthenticatorBase.java:543)
		at org.apache.catalina.core.StandardHostValve.invoke(StandardHostValve.java:135)
		at org.apache.catalina.valves.ErrorReportValve.invoke(ErrorReportValve.java:92)
		at org.apache.catalina.valves.AbstractAccessLogValve.invoke(AbstractAccessLogValve.java:698)
		at org.apache.catalina.core.StandardEngineValve.invoke(StandardEngineValve.java:78)
		at org.apache.catalina.connector.CoyoteAdapter.service(CoyoteAdapter.java:367)
		at org.apache.coyote.http11.Http11Processor.service(Http11Processor.java:639)
		at org.apache.coyote.AbstractProcessorLight.process(AbstractProcessorLight.java:65)
		at org.apache.coyote.AbstractProtocol$ConnectionHandler.process(AbstractProtocol.java:882)
		at org.apache.tomcat.util.net.NioEndpoint$SocketProcessor.doRun(NioEndpoint.java:1647)
		at org.apache.tomcat.util.net.SocketProcessorBase.run(SocketProcessorBase.java:49)
		at org.apache.tomcat.util.threads.ThreadPoolExecutor.runWorker(ThreadPoolExecutor.java:1191)
		at org.apache.tomcat.util.threads.ThreadPoolExecutor$Worker.run(ThreadPoolExecutor.java:659)
		at org.apache.tomcat.util.threads.TaskThread$WrappingRunnable.run(TaskThread.java:61)
		at java.base/java.lang.Thread.run(Thread.java:834)
04-May-2022 11:05:16.312 SEVERE [http-nio-8080-exec-11] org.apache.catalina.core.StandardWrapperValve.invoke Servlet.service() for servlet [GetAllUsers] in context with path [/StakloRam] threw exception
	java.lang.RuntimeException: Uncompilable code - cannot find symbol
  symbol:   method getAllUsers()
  location: class util.database.UserDatabaseUtil
		at util.modelUtil.UserUtil.getAllObjects(UserUtil.java:1)
		at controller.GetAllUsers.processRequest(GetAllUsers.java:26)
		at controller.GetAllUsers.doGet(GetAllUsers.java:41)
		at javax.servlet.http.HttpServlet.service(HttpServlet.java:655)
		at javax.servlet.http.HttpServlet.service(HttpServlet.java:764)
		at org.apache.catalina.core.ApplicationFilterChain.internalDoFilter(ApplicationFilterChain.java:231)
		at org.apache.catalina.core.ApplicationFilterChain.doFilter(ApplicationFilterChain.java:166)
		at org.apache.tomcat.websocket.server.WsFilter.doFilter(WsFilter.java:52)
		at org.apache.catalina.core.ApplicationFilterChain.internalDoFilter(ApplicationFilterChain.java:193)
		at org.apache.catalina.core.ApplicationFilterChain.doFilter(ApplicationFilterChain.java:166)
		at org.apache.catalina.core.StandardWrapperValve.invoke(StandardWrapperValve.java:197)
		at org.apache.catalina.core.StandardContextValve.invoke(StandardContextValve.java:97)
		at org.apache.catalina.authenticator.AuthenticatorBase.invoke(AuthenticatorBase.java:543)
		at org.apache.catalina.core.StandardHostValve.invoke(StandardHostValve.java:135)
		at org.apache.catalina.valves.ErrorReportValve.invoke(ErrorReportValve.java:92)
		at org.apache.catalina.valves.AbstractAccessLogValve.invoke(AbstractAccessLogValve.java:698)
		at org.apache.catalina.core.StandardEngineValve.invoke(StandardEngineValve.java:78)
		at org.apache.catalina.connector.CoyoteAdapter.service(CoyoteAdapter.java:367)
		at org.apache.coyote.http11.Http11Processor.service(Http11Processor.java:639)
		at org.apache.coyote.AbstractProcessorLight.process(AbstractProcessorLight.java:65)
		at org.apache.coyote.AbstractProtocol$ConnectionHandler.process(AbstractProtocol.java:882)
		at org.apache.tomcat.util.net.NioEndpoint$SocketProcessor.doRun(NioEndpoint.java:1647)
		at org.apache.tomcat.util.net.SocketProcessorBase.run(SocketProcessorBase.java:49)
		at org.apache.tomcat.util.threads.ThreadPoolExecutor.runWorker(ThreadPoolExecutor.java:1191)
		at org.apache.tomcat.util.threads.ThreadPoolExecutor$Worker.run(ThreadPoolExecutor.java:659)
		at org.apache.tomcat.util.threads.TaskThread$WrappingRunnable.run(TaskThread.java:61)
		at java.base/java.lang.Thread.run(Thread.java:834)
04-May-2022 11:07:08.806 SEVERE [http-nio-8080-exec-19] org.apache.catalina.core.StandardWrapperValve.invoke Servlet.service() for servlet [GetAllUsers] in context with path [/StakloRam] threw exception
	java.lang.RuntimeException: Uncompilable code - cannot find symbol
  symbol:   method getAllUsers()
  location: class util.database.UserDatabaseUtil
		at util.modelUtil.UserUtil.getAllObjects(UserUtil.java:1)
		at controller.GetAllUsers.processRequest(GetAllUsers.java:26)
		at controller.GetAllUsers.doGet(GetAllUsers.java:41)
		at javax.servlet.http.HttpServlet.service(HttpServlet.java:655)
		at javax.servlet.http.HttpServlet.service(HttpServlet.java:764)
		at org.apache.catalina.core.ApplicationFilterChain.internalDoFilter(ApplicationFilterChain.java:231)
		at org.apache.catalina.core.ApplicationFilterChain.doFilter(ApplicationFilterChain.java:166)
		at org.apache.tomcat.websocket.server.WsFilter.doFilter(WsFilter.java:52)
		at org.apache.catalina.core.ApplicationFilterChain.internalDoFilter(ApplicationFilterChain.java:193)
		at org.apache.catalina.core.ApplicationFilterChain.doFilter(ApplicationFilterChain.java:166)
		at org.apache.catalina.core.StandardWrapperValve.invoke(StandardWrapperValve.java:197)
		at org.apache.catalina.core.StandardContextValve.invoke(StandardContextValve.java:97)
		at org.apache.catalina.authenticator.AuthenticatorBase.invoke(AuthenticatorBase.java:543)
		at org.apache.catalina.core.StandardHostValve.invoke(StandardHostValve.java:135)
		at org.apache.catalina.valves.ErrorReportValve.invoke(ErrorReportValve.java:92)
		at org.apache.catalina.valves.AbstractAccessLogValve.invoke(AbstractAccessLogValve.java:698)
		at org.apache.catalina.core.StandardEngineValve.invoke(StandardEngineValve.java:78)
		at org.apache.catalina.connector.CoyoteAdapter.service(CoyoteAdapter.java:367)
		at org.apache.coyote.http11.Http11Processor.service(Http11Processor.java:639)
		at org.apache.coyote.AbstractProcessorLight.process(AbstractProcessorLight.java:65)
		at org.apache.coyote.AbstractProtocol$ConnectionHandler.process(AbstractProtocol.java:882)
		at org.apache.tomcat.util.net.NioEndpoint$SocketProcessor.doRun(NioEndpoint.java:1647)
		at org.apache.tomcat.util.net.SocketProcessorBase.run(SocketProcessorBase.java:49)
		at org.apache.tomcat.util.threads.ThreadPoolExecutor.runWorker(ThreadPoolExecutor.java:1191)
		at org.apache.tomcat.util.threads.ThreadPoolExecutor$Worker.run(ThreadPoolExecutor.java:659)
		at org.apache.tomcat.util.threads.TaskThread$WrappingRunnable.run(TaskThread.java:61)
		at java.base/java.lang.Thread.run(Thread.java:834)
04-May-2022 11:15:09.346 INFO [localhost-startStop-2] org.apache.catalina.core.ApplicationContext.log SessionListener: contextDestroyed()
04-May-2022 11:15:09.347 INFO [localhost-startStop-2] org.apache.catalina.core.ApplicationContext.log ContextListener: contextDestroyed()
